[debug] [2025-09-11T20:06:45.399Z] ----------------------------------------------------------------------
[debug] [2025-09-11T20:06:45.400Z] Command:       C:\Program Files\nodejs\node.exe C:\Users\willd\AppData\Roaming\npm\node_modules\firebase-tools\lib\bin\firebase.js functions:shell
[debug] [2025-09-11T20:06:45.401Z] CLI Version:   14.15.2
[debug] [2025-09-11T20:06:45.401Z] Platform:      win32
[debug] [2025-09-11T20:06:45.401Z] Node Version:  v22.18.0
[debug] [2025-09-11T20:06:45.401Z] Time:          Thu Sep 11 2025 16:06:45 GMT-0400 (Eastern Daylight Time)
[debug] [2025-09-11T20:06:45.401Z] ----------------------------------------------------------------------
[debug] 
[debug] [2025-09-11T20:06:45.525Z] > command requires scopes: ["email","openid","https://www.googleapis.com/auth/cloudplatformprojects.readonly","https://www.googleapis.com/auth/firebase","https://www.googleapis.com/auth/cloud-platform"]
[debug] [2025-09-11T20:06:45.525Z] > authorizing via signed-in user (willdelpozodj@gmail.com)
[debug] [2025-09-11T20:06:45.525Z] [iam] checking project baires-inventory for permissions ["firebase.projects.get"]
[debug] [2025-09-11T20:06:45.526Z] Checked if tokens are valid: true, expires at: 1757623535875
[debug] [2025-09-11T20:06:45.526Z] Checked if tokens are valid: true, expires at: 1757623535875
[debug] [2025-09-11T20:06:45.526Z] >>> [apiv2][query] POST https://cloudresourcemanager.googleapis.com/v1/projects/baires-inventory:testIamPermissions [none]
[debug] [2025-09-11T20:06:45.526Z] >>> [apiv2][(partial)header] POST https://cloudresourcemanager.googleapis.com/v1/projects/baires-inventory:testIamPermissions x-goog-quota-user=projects/baires-inventory
[debug] [2025-09-11T20:06:45.526Z] >>> [apiv2][body] POST https://cloudresourcemanager.googleapis.com/v1/projects/baires-inventory:testIamPermissions {"permissions":["firebase.projects.get"]}
[debug] [2025-09-11T20:06:45.795Z] <<< [apiv2][status] POST https://cloudresourcemanager.googleapis.com/v1/projects/baires-inventory:testIamPermissions 200
[debug] [2025-09-11T20:06:45.796Z] <<< [apiv2][body] POST https://cloudresourcemanager.googleapis.com/v1/projects/baires-inventory:testIamPermissions {"permissions":["firebase.projects.get"]}
[debug] [2025-09-11T20:06:45.798Z] [functions] Functions Emulator only supports listening on one address (127.0.0.1). Not listening on ::1
[debug] [2025-09-11T20:06:45.831Z] defaultcredentials: writing to file C:\Users\willd\AppData\Roaming\firebase\willdelpozodj_gmail_com_application_default_credentials.json
[debug] [2025-09-11T20:06:45.832Z] DEBUG: Setting GAC to C:\Users\willd\AppData\Roaming\firebase\willdelpozodj_gmail_com_application_default_credentials.json
[debug] [2025-09-11T20:06:45.832Z] Checked if tokens are valid: true, expires at: 1757623535875
[debug] [2025-09-11T20:06:45.832Z] Checked if tokens are valid: true, expires at: 1757623535875
[debug] [2025-09-11T20:06:45.832Z] >>> [apiv2][query] GET https://firebase.googleapis.com/v1beta1/projects/baires-inventory/adminSdkConfig [none]
[debug] [2025-09-11T20:06:46.199Z] <<< [apiv2][status] GET https://firebase.googleapis.com/v1beta1/projects/baires-inventory/adminSdkConfig 200
[debug] [2025-09-11T20:06:46.199Z] <<< [apiv2][body] GET https://firebase.googleapis.com/v1beta1/projects/baires-inventory/adminSdkConfig {"projectId":"baires-inventory","storageBucket":"baires-inventory.firebasestorage.app"}
[debug] [2025-09-11T20:06:46.207Z] [functions] Watching "C:\Users\willd\Desktop\proyectos\baires-inventory-1.0-funcional-\functions" for Cloud Functions...
[debug] [2025-09-11T20:06:46.210Z] Validating nodejs source
[warn] !  functions: package.json indicates an outdated version of firebase-functions. Please upgrade using npm install --save firebase-functions@latest in your functions directory. 
[warn] !  functions: Please note that there will be breaking changes when you upgrade. 
[debug] [2025-09-11T20:06:46.896Z] > [functions] package.json contents: {
  "name": "functions",
  "description": "Cloud Functions for Baires Inventory",
  "scripts": {
    "lint": "echo 'No linting configured'",
    "build": "echo 'No build configured'",
    "serve": "firebase emulators:start --only functions",
    "shell": "firebase functions:shell",
    "start": "npm run shell",
    "deploy": "firebase deploy --only functions",
    "logs": "firebase functions:log"
  },
  "engines": {
    "node": "18"
  },
  "main": "index.js",
  "dependencies": {
    "firebase-admin": "^12.0.0",
    "firebase-functions": "^4.0.0"
  },
  "devDependencies": {
    "firebase-functions-test": "^3.1.0"
  },
  "private": true
}
[debug] [2025-09-11T20:06:46.896Z] Building nodejs source
[debug] [2025-09-11T20:06:46.896Z] Failed to find version of module node: reached end of search path C:\Users\willd\Desktop\proyectos\baires-inventory-1.0-funcional-\functions\node_modules
[warn] !  functions: Your requested "node" version "18" doesn't match your global version "22". Using node@22 from host. 
[info] i  functions: You are using a version of firebase-functions SDK (4.9.0) that does not have support for the newest Firebase Extensions features. Please update firebase-functions SDK to >=5.1.0 to use them correctly 
[debug] [2025-09-11T20:06:46.898Z] Could not find functions.yaml. Must use http discovery
[debug] [2025-09-11T20:06:46.905Z] Found firebase-functions binary at 'C:\Users\willd\Desktop\proyectos\baires-inventory-1.0-funcional-\functions\node_modules\.bin\firebase-functions'
[info] Serving at port 8844

[debug] [2025-09-11T20:06:47.281Z] Got response from /__/functions.yaml {"endpoints":{"createUser":{"platform":"gcfv1","labels":{},"availableMemoryMb":null,"timeoutSeconds":null,"minInstances":null,"maxInstances":null,"ingressSettings":null,"serviceAccountEmail":null,"vpc":null,"callableTrigger":{},"entryPoint":"createUser"},"deleteUser":{"platform":"gcfv1","labels":{},"availableMemoryMb":null,"timeoutSeconds":null,"minInstances":null,"maxInstances":null,"ingressSettings":null,"serviceAccountEmail":null,"vpc":null,"callableTrigger":{},"entryPoint":"deleteUser"},"updateUserRole":{"platform":"gcfv1","labels":{},"availableMemoryMb":null,"timeoutSeconds":null,"minInstances":null,"maxInstances":null,"ingressSettings":null,"serviceAccountEmail":null,"vpc":null,"callableTrigger":{},"entryPoint":"updateUserRole"}},"specVersion":"v1alpha1","requiredAPIs":[]}
[debug] [2025-09-11T20:06:51.310Z] [functions] Loaded functions definitions from source: createUser, deleteUser, updateUserRole.
[debug] [2025-09-11T20:06:51.311Z] [functions[us-central1-createUser]] http function initialized (http://127.0.0.1:5000/baires-inventory/us-central1/createUser).
[debug] [2025-09-11T20:06:51.311Z] [functions[us-central1-deleteUser]] http function initialized (http://127.0.0.1:5000/baires-inventory/us-central1/deleteUser).
[debug] [2025-09-11T20:06:51.312Z] [functions[us-central1-updateUserRole]] http function initialized (http://127.0.0.1:5000/baires-inventory/us-central1/updateUserRole).
[info] i  functions: Loaded functions: createUser, deleteUser, updateUserRole 
[warn] !  functions: The following emulators are not running, calls to these services will affect production: firestore, database, pubsub, storage, eventarc, tasks 
